#
# There is insufficient memory for the Java Runtime Environment to continue.
# Native memory allocation (malloc) failed to allocate 56016 bytes for Chunk::new
# Possible reasons:
#   The system is out of physical RAM or swap space
#   In 32 bit mode, the process size limit was hit
# Possible solutions:
#   Reduce memory load on the system
#   Increase physical memory or swap space
#   Check if swap backing store is full
#   Use 64 bit Java on a 64 bit OS
#   Decrease Java heap size (-Xmx/-Xms)
#   Decrease number of Java threads
#   Decrease Java thread stack sizes (-Xss)
#   Set larger code cache with -XX:ReservedCodeCacheSize=
# This output file may be truncated or incomplete.
#
#  Out of Memory Error (allocation.cpp:390), pid=8100, tid=0x0000000000004434
#
# JRE version: Java(TM) SE Runtime Environment (8.0_161-b12) (build 1.8.0_161-b12)
# Java VM: Java HotSpot(TM) 64-Bit Server VM (25.161-b12 mixed mode windows-amd64 compressed oops)
# Failed to write core dump. Minidumps are not enabled by default on client versions of Windows
#

---------------  T H R E A D  ---------------

Current thread (0x000000001b543000):  JavaThread "C2 CompilerThread1" daemon [_thread_in_native, id=17460, stack(0x000000001bf00000,0x000000001c000000)]

Stack: [0x000000001bf00000,0x000000001c000000]
[error occurred during error reporting (printing stack bounds), id 0xc0000005]

Native frames: (J=compiled Java code, j=interpreted, Vv=VM code, C=native code)


Current CompileTask:
C2:   2107 1085       4       java.io.DataOutputStream::writeUTF (435 bytes)


---------------  P R O C E S S  ---------------

Java Threads: ( => current thread )
  0x000000001b5da000 JavaThread "Service Thread" daemon [_thread_blocked, id=2536, stack(0x000000001c200000,0x000000001c300000)]
  0x000000001b548000 JavaThread "C1 CompilerThread3" daemon [_thread_blocked, id=5672, stack(0x000000001c100000,0x000000001c200000)]
  0x000000001b544000 JavaThread "C2 CompilerThread2" daemon [_thread_in_native, id=7056, stack(0x000000001c000000,0x000000001c100000)]
=>0x000000001b543000 JavaThread "C2 CompilerThread1" daemon [_thread_in_native, id=17460, stack(0x000000001bf00000,0x000000001c000000)]
  0x000000001b53c800 JavaThread "C2 CompilerThread0" daemon [_thread_blocked, id=10768, stack(0x000000001be00000,0x000000001bf00000)]
  0x000000001b53a800 JavaThread "Attach Listener" daemon [_thread_blocked, id=19320, stack(0x000000001bd00000,0x000000001be00000)]
  0x000000001b539800 JavaThread "Signal Dispatcher" daemon [_thread_blocked, id=14152, stack(0x000000001bc00000,0x000000001bd00000)]
  0x000000001b530800 JavaThread "Finalizer" daemon [_thread_blocked, id=16276, stack(0x000000001b910000,0x000000001ba10000)]
  0x0000000004697000 JavaThread "Reference Handler" daemon [_thread_blocked, id=13744, stack(0x000000001b410000,0x000000001b510000)]
  0x00000000045a2800 JavaThread "main" [_thread_in_Java, id=8440, stack(0x00000000043e0000,0x00000000044e0000)]

Other Threads:
  0x0000000019639000 VMThread [stack: 0x000000001b310000,0x000000001b410000] [id=14868]
  0x000000001b5f5800 WatcherThread [stack: 0x000000001c300000,0x000000001c400000] [id=6692]

VM state:not at safepoint (normal execution)

VM Mutex/Monitor currently owned by a thread: None

Heap:
 PSYoungGen      total 38400K, used 25876K [0x00000000d5d80000, 0x00000000da880000, 0x0000000100000000)
  eden space 33280K, 62% used [0x00000000d5d80000,0x00000000d71c7fe8,0x00000000d7e00000)
  from space 5120K, 99% used [0x00000000d8300000,0x00000000d87fd0b0,0x00000000d8800000)
  to   space 5120K, 0% used [0x00000000d7e00000,0x00000000d7e00000,0x00000000d8300000)
 ParOldGen       total 87552K, used 371K [0x0000000081800000, 0x0000000086d80000, 0x00000000d5d80000)
  object space 87552K, 0% used [0x0000000081800000,0x000000008185cc60,0x0000000086d80000)
 Metaspace       used 15663K, capacity 15916K, committed 16128K, reserved 1064960K
  class space    used 2122K, capacity 2216K, committed 2304K, reserved 1048576K

Card table byte_map: [0x0000000013a60000,0x0000000013e60000] byte_map_base: 0x0000000013654000

Marking Bits: (ParMarkBitMap*) 0x00000000511ef860
 Begin Bits: [0x0000000014910000, 0x00000000168b0000)
 End Bits:   [0x00000000168b0000, 0x0000000018850000)

Polling page: 0x00000000044e0000

CodeCache: size=245760Kb used=4016Kb max_used=4028Kb free=241743Kb
 bounds [0x00000000046a0000, 0x0000000004aa0000, 0x00000000136a0000]
 total_blobs=1445 nmethods=1089 adapters=269
 compilation: enabled

Compilation events (10 events):
Event: 2.075 Thread 0x000000001b53c800 1087       4       org.gradle.internal.service.DefaultServiceRegistry$SingletonService::getService (21 bytes)
Event: 2.076 Thread 0x000000001b548000 1088       3       org.gradle.internal.service.DefaultServiceRegistry$SingletonService::isFactory (128 bytes)
Event: 2.077 Thread 0x000000001b548000 nmethod 1088 0x0000000004a84c90 code [0x0000000004a84f20, 0x0000000004a86298]
Event: 2.077 Thread 0x000000001b548000 1089       3       org.gradle.internal.service.DefaultServiceRegistry$SingletonService::getFactory (20 bytes)
Event: 2.077 Thread 0x000000001b548000 nmethod 1089 0x0000000004a84690 code [0x0000000004a84820, 0x0000000004a84b78]
Event: 2.079 Thread 0x000000001b53c800 nmethod 1087 0x0000000004a83c90 code [0x0000000004a83e00, 0x0000000004a841a8]
Event: 2.079 Thread 0x000000001b548000 1090       3       org.gradle.internal.service.DefaultServiceRegistry$OwnServices::getService (274 bytes)
Event: 2.081 Thread 0x000000001b548000 nmethod 1090 0x0000000004a8c910 code [0x0000000004a8cd60, 0x0000000004a8f578]
Event: 2.084 Thread 0x000000001b548000 1091       3       java.io.WinNTFileSystem::parentOrNull (171 bytes)
Event: 2.085 Thread 0x000000001b548000 nmethod 1091 0x0000000004a8b450 code [0x0000000004a8b680, 0x0000000004a8c3f8]

GC Heap History (4 events):
Event: 1.288 GC heap before
{Heap before GC invocations=1 (full 0):
 PSYoungGen      total 38400K, used 33280K [0x00000000d5d80000, 0x00000000d8800000, 0x0000000100000000)
  eden space 33280K, 100% used [0x00000000d5d80000,0x00000000d7e00000,0x00000000d7e00000)
  from space 5120K, 0% used [0x00000000d8300000,0x00000000d8300000,0x00000000d8800000)
  to   space 5120K, 0% used [0x00000000d7e00000,0x00000000d7e00000,0x00000000d8300000)
 ParOldGen       total 87552K, used 0K [0x0000000081800000, 0x0000000086d80000, 0x00000000d5d80000)
  object space 87552K, 0% used [0x0000000081800000,0x0000000081800000,0x0000000086d80000)
 Metaspace       used 8544K, capacity 8724K, committed 8960K, reserved 1056768K
  class space    used 1125K, capacity 1184K, committed 1280K, reserved 1048576K
Event: 1.297 GC heap after
Heap after GC invocations=1 (full 0):
 PSYoungGen      total 38400K, used 5100K [0x00000000d5d80000, 0x00000000d8800000, 0x0000000100000000)
  eden space 33280K, 0% used [0x00000000d5d80000,0x00000000d5d80000,0x00000000d7e00000)
  from space 5120K, 99% used [0x00000000d7e00000,0x00000000d82fb2a0,0x00000000d8300000)
  to   space 5120K, 0% used [0x00000000d8300000,0x00000000d8300000,0x00000000d8800000)
 ParOldGen       total 87552K, used 94K [0x0000000081800000, 0x0000000086d80000, 0x00000000d5d80000)
  object space 87552K, 0% used [0x0000000081800000,0x0000000081817910,0x0000000086d80000)
 Metaspace       used 8544K, capacity 8724K, committed 8960K, reserved 1056768K
  class space    used 1125K, capacity 1184K, committed 1280K, reserved 1048576K
}
Event: 1.711 GC heap before
{Heap before GC invocations=2 (full 0):
 PSYoungGen      total 38400K, used 38380K [0x00000000d5d80000, 0x00000000d8800000, 0x0000000100000000)
  eden space 33280K, 100% used [0x00000000d5d80000,0x00000000d7e00000,0x00000000d7e00000)
  from space 5120K, 99% used [0x00000000d7e00000,0x00000000d82fb2a0,0x00000000d8300000)
  to   space 5120K, 0% used [0x00000000d8300000,0x00000000d8300000,0x00000000d8800000)
 ParOldGen       total 87552K, used 94K [0x0000000081800000, 0x0000000086d80000, 0x00000000d5d80000)
  object space 87552K, 0% used [0x0000000081800000,0x0000000081817910,0x0000000086d80000)
 Metaspace       used 11368K, capacity 11628K, committed 11904K, reserved 1058816K
  class space    used 1568K, capacity 1640K, committed 1664K, reserved 1048576K
Event: 1.719 GC heap after
Heap after GC invocations=2 (full 0):
 PSYoungGen      total 38400K, used 5108K [0x00000000d5d80000, 0x00000000da880000, 0x0000000100000000)
  eden space 33280K, 0% used [0x00000000d5d80000,0x00000000d5d80000,0x00000000d7e00000)
  from space 5120K, 99% used [0x00000000d8300000,0x00000000d87fd0b0,0x00000000d8800000)
  to   space 5120K, 0% used [0x00000000d7e00000,0x00000000d7e00000,0x00000000d8300000)
 ParOldGen       total 87552K, used 371K [0x0000000081800000, 0x0000000086d80000, 0x00000000d5d80000)
  object space 87552K, 0% used [0x0000000081800000,0x000000008185cc60,0x0000000086d80000)
 Metaspace       used 11368K, capacity 11628K, committed 11904K, reserved 1058816K
  class space    used 1568K, capacity 1640K, committed 1664K, reserved 1048576K
}

Deoptimization events (10 events):
Event: 0.668 Thread 0x00000000045a2800 Uncommon trap: reason=unstable_if action=reinterpret pc=0x00000000048bc688 method=java.util.HashMap.getNode(ILjava/lang/Object;)Ljava/util/HashMap$Node; @ 129
Event: 1.188 Thread 0x00000000045a2800 Uncommon trap: reason=predicate action=maybe_recompile pc=0x0000000004904ff4 method=sun.net.www.ParseUtil.encodePath(Ljava/lang/String;Z)Ljava/lang/String; @ 36
Event: 1.227 Thread 0x00000000045a2800 Uncommon trap: reason=unstable_if action=reinterpret pc=0x00000000048fadfc method=java.lang.String.lastIndexOf([CII[CIII)I @ 66
Event: 1.323 Thread 0x00000000045a2800 Uncommon trap: reason=bimorphic action=maybe_recompile pc=0x0000000004929d3c method=java.util.HashMap.putVal(ILjava/lang/Object;Ljava/lang/Object;ZZ)Ljava/lang/Object; @ 91
Event: 1.627 Thread 0x00000000045a2800 Uncommon trap: reason=bimorphic action=maybe_recompile pc=0x0000000004969c64 method=java.util.HashMap.putVal(ILjava/lang/Object;Ljava/lang/Object;ZZ)Ljava/lang/Object; @ 91
Event: 1.628 Thread 0x00000000045a2800 Uncommon trap: reason=bimorphic action=maybe_recompile pc=0x0000000004969c64 method=java.util.HashMap.putVal(ILjava/lang/Object;Ljava/lang/Object;ZZ)Ljava/lang/Object; @ 91
Event: 1.628 Thread 0x00000000045a2800 Uncommon trap: reason=bimorphic action=maybe_recompile pc=0x0000000004969c64 method=java.util.HashMap.putVal(ILjava/lang/Object;Ljava/lang/Object;ZZ)Ljava/lang/Object; @ 91
Event: 1.628 Thread 0x00000000045a2800 Uncommon trap: reason=bimorphic action=maybe_recompile pc=0x0000000004929d3c method=java.util.HashMap.putVal(ILjava/lang/Object;Ljava/lang/Object;ZZ)Ljava/lang/Object; @ 91
Event: 1.628 Thread 0x00000000045a2800 Uncommon trap: reason=bimorphic action=maybe_recompile pc=0x0000000004928168 method=java.util.HashMap.putVal(ILjava/lang/Object;Ljava/lang/Object;ZZ)Ljava/lang/Object; @ 91
Event: 1.679 Thread 0x00000000045a2800 Uncommon trap: reason=unstable_if action=reinterpret pc=0x0000000004816108 method=java.net.URI.match(CJJ)Z @ 19

Classes redefined (0 events):
No events

Internal exceptions (10 events):
Event: 1.958 Thread 0x00000000045a2800 Exception <a 'java/lang/ClassNotFoundException': groovy/lang/ExpandoMetaClassBeanInfo> (0x00000000d678ffe0) thrown at [C:\re\workspace\8-2-build-windows-amd64-cygwin\jdk8u161\10277\hotspot\src\share\vm\classfile\systemDictionary.cpp, line 210]
Event: 1.958 Thread 0x00000000045a2800 Exception <a 'java/lang/ClassNotFoundException': groovy/lang/MetaClassImplBeanInfo> (0x00000000d679afb8) thrown at [C:\re\workspace\8-2-build-windows-amd64-cygwin\jdk8u161\10277\hotspot\src\share\vm\classfile\systemDictionary.cpp, line 210]
Event: 1.959 Thread 0x00000000045a2800 Exception <a 'java/lang/ClassNotFoundException': java/lang/ObjectBeanInfo> (0x00000000d67a00b0) thrown at [C:\re\workspace\8-2-build-windows-amd64-cygwin\jdk8u161\10277\hotspot\src\share\vm\classfile\systemDictionary.cpp, line 210]
Event: 1.959 Thread 0x00000000045a2800 Exception <a 'java/lang/ClassNotFoundException': java/lang/ObjectCustomizer> (0x00000000d67a52f0) thrown at [C:\re\workspace\8-2-build-windows-amd64-cygwin\jdk8u161\10277\hotspot\src\share\vm\classfile\systemDictionary.cpp, line 210]
Event: 1.966 Thread 0x00000000045a2800 Exception <a 'java/lang/ClassNotFoundException': groovy/lang/MetaClassImplCustomizer> (0x00000000d67b8050) thrown at [C:\re\workspace\8-2-build-windows-amd64-cygwin\jdk8u161\10277\hotspot\src\share\vm\classfile\systemDictionary.cpp, line 210]
Event: 1.968 Thread 0x00000000045a2800 Exception <a 'java/lang/ClassNotFoundException': groovy/lang/ExpandoMetaClassCustomizer> (0x00000000d67ebd68) thrown at [C:\re\workspace\8-2-build-windows-amd64-cygwin\jdk8u161\10277\hotspot\src\share\vm\classfile\systemDictionary.cpp, line 210]
Event: 1.977 Thread 0x00000000045a2800 Exception <a 'java/lang/ClassNotFoundException': org/gradle/api/internal/plugins/DefaultExtraPropertiesExtensionBeanInfo> (0x00000000d686da48) thrown at [C:\re\workspace\8-2-build-windows-amd64-cygwin\jdk8u161\10277\hotspot\src\share\vm\classfile\systemDi
Event: 1.977 Thread 0x00000000045a2800 Exception <a 'java/lang/ClassNotFoundException': groovy/lang/GroovyObjectSupportBeanInfo> (0x00000000d6879c10) thrown at [C:\re\workspace\8-2-build-windows-amd64-cygwin\jdk8u161\10277\hotspot\src\share\vm\classfile\systemDictionary.cpp, line 210]
Event: 1.978 Thread 0x00000000045a2800 Exception <a 'java/lang/ClassNotFoundException': groovy/lang/GroovyObjectSupportCustomizer> (0x00000000d6886170) thrown at [C:\re\workspace\8-2-build-windows-amd64-cygwin\jdk8u161\10277\hotspot\src\share\vm\classfile\systemDictionary.cpp, line 210]
Event: 1.978 Thread 0x00000000045a2800 Exception <a 'java/lang/ClassNotFoundException': org/gradle/api/internal/plugins/DefaultExtraPropertiesExtensionCustomizer> (0x00000000d689cb20) thrown at [C:\re\workspace\8-2-build-windows-amd64-cygwin\jdk8u161\10277\hotspot\src\share\vm\classfile\system

Events (10 events):
Event: 2.081 loading class com/google/common/cache/LocalCache$LocalLoadingCache
Event: 2.081 loading class com/google/common/cache/LocalCache$LocalLoadingCache done
Event: 2.082 loading class org/gradle/internal/resource/transport/http/DefaultSslContextFactory
Event: 2.082 loading class org/gradle/internal/resource/transport/http/DefaultSslContextFactory done
Event: 2.083 loading class org/gradle/internal/resource/transport/http/DefaultSslContextFactory$SslContextCacheLoader
Event: 2.083 loading class org/gradle/internal/resource/transport/http/DefaultSslContextFactory$SslContextCacheLoader done
Event: 2.084 loading class org/apache/http/ssl/SSLInitializationException
Event: 2.084 loading class org/apache/http/ssl/SSLInitializationException done
Event: 2.085 loading class org/gradle/api/internal/plugins/PotentialPlugin
Event: 2.085 loading class org/gradle/api/internal/plugins/PotentialPlugin done


Dynamic libraries:
0x00007ff7515b0000 - 0x00007ff7515e7000 	C:\Program Files\Java\jdk1.8.0_161\bin\java.exe
0x00007fffe7cc0000 - 0x00007fffe7ea0000 	C:\WINDOWS\SYSTEM32\ntdll.dll
0x00007fffe67e0000 - 0x00007fffe688e000 	C:\WINDOWS\System32\KERNEL32.DLL
0x00007fffe4f20000 - 0x00007fffe5186000 	C:\WINDOWS\System32\KERNELBASE.dll
0x00007fffe7630000 - 0x00007fffe76d1000 	C:\WINDOWS\System32\ADVAPI32.dll
0x00007fffe6a80000 - 0x00007fffe6b1d000 	C:\WINDOWS\System32\msvcrt.dll
0x00007fffe6780000 - 0x00007fffe67db000 	C:\WINDOWS\System32\sechost.dll
0x00007fffe6890000 - 0x00007fffe69af000 	C:\WINDOWS\System32\RPCRT4.dll
0x00007fffe6b20000 - 0x00007fffe6caf000 	C:\WINDOWS\System32\USER32.dll
0x00007fffe4c30000 - 0x00007fffe4c50000 	C:\WINDOWS\System32\win32u.dll
0x00007fffe7600000 - 0x00007fffe7628000 	C:\WINDOWS\System32\GDI32.dll
0x00007fffe4c50000 - 0x00007fffe4de3000 	C:\WINDOWS\System32\gdi32full.dll
0x00007fffe40c0000 - 0x00007fffe415b000 	C:\WINDOWS\System32\msvcp_win.dll
0x00007fffe43e0000 - 0x00007fffe44d6000 	C:\WINDOWS\System32\ucrtbase.dll
0x00007fffd27a0000 - 0x00007fffd2a09000 	C:\WINDOWS\WinSxS\amd64_microsoft.windows.common-controls_6595b64144ccf1df_6.0.16299.431_none_15c7d3ee93659e73\COMCTL32.dll
0x00007fffe78c0000 - 0x00007fffe7bc8000 	C:\WINDOWS\System32\combase.dll
0x00007fffe4df0000 - 0x00007fffe4e62000 	C:\WINDOWS\System32\bcryptPrimitives.dll
0x00007fffe51c0000 - 0x00007fffe51ed000 	C:\WINDOWS\System32\IMM32.DLL
0x0000000051270000 - 0x0000000051342000 	C:\Program Files\Java\jdk1.8.0_161\jre\bin\msvcr100.dll
0x00000000509d0000 - 0x000000005126f000 	C:\Program Files\Java\jdk1.8.0_161\jre\bin\server\jvm.dll
0x00007fffe5190000 - 0x00007fffe5198000 	C:\WINDOWS\System32\PSAPI.DLL
0x00007fffd53b0000 - 0x00007fffd53b9000 	C:\WINDOWS\SYSTEM32\WSOCK32.dll
0x00007fffdb480000 - 0x00007fffdb48a000 	C:\WINDOWS\SYSTEM32\VERSION.dll
0x00007fffdc5c0000 - 0x00007fffdc5e3000 	C:\WINDOWS\SYSTEM32\WINMM.dll
0x00007fffe76e0000 - 0x00007fffe774c000 	C:\WINDOWS\System32\WS2_32.dll
0x00007fffdc590000 - 0x00007fffdc5ba000 	C:\WINDOWS\SYSTEM32\WINMMBASE.dll
0x00007fffe4ed0000 - 0x00007fffe4f1a000 	C:\WINDOWS\System32\cfgmgr32.dll
0x00000000509c0000 - 0x00000000509cf000 	C:\Program Files\Java\jdk1.8.0_161\jre\bin\verify.dll
0x0000000050990000 - 0x00000000509b9000 	C:\Program Files\Java\jdk1.8.0_161\jre\bin\java.dll
0x0000000050970000 - 0x0000000050986000 	C:\Program Files\Java\jdk1.8.0_161\jre\bin\zip.dll
0x00007fffe51f0000 - 0x00007fffe6628000 	C:\WINDOWS\System32\SHELL32.dll
0x00007fffe7be0000 - 0x00007fffe7c86000 	C:\WINDOWS\System32\shcore.dll
0x00007fffe44e0000 - 0x00007fffe4c27000 	C:\WINDOWS\System32\windows.storage.dll
0x00007fffe7000000 - 0x00007fffe7051000 	C:\WINDOWS\System32\shlwapi.dll
0x00007fffe4050000 - 0x00007fffe4061000 	C:\WINDOWS\System32\kernel.appcore.dll
0x00007fffe4070000 - 0x00007fffe40bc000 	C:\WINDOWS\System32\powrprof.dll
0x00007fffe4010000 - 0x00007fffe402b000 	C:\WINDOWS\System32\profapi.dll
0x0000000050950000 - 0x000000005096a000 	C:\Program Files\Java\jdk1.8.0_161\jre\bin\net.dll
0x00007fffe38a0000 - 0x00007fffe3906000 	C:\WINDOWS\system32\mswsock.dll
0x0000000050930000 - 0x0000000050941000 	C:\Program Files\Java\jdk1.8.0_161\jre\bin\nio.dll
0x00007fffd2740000 - 0x00007fffd2752000 	C:\Users\Peter\.gradle\native\19\windows-amd64\native-platform.dll
0x0000000180000000 - 0x0000000180037000 	C:\Users\Peter\.gradle\native\jna\win32-amd64\jnidispatch.dll
0x00007fffe3a70000 - 0x00007fffe3a87000 	C:\WINDOWS\SYSTEM32\CRYPTSP.dll
0x00007fffe34a0000 - 0x00007fffe34d3000 	C:\WINDOWS\system32\rsaenh.dll
0x00007fffe3b70000 - 0x00007fffe3b95000 	C:\WINDOWS\SYSTEM32\bcrypt.dll
0x00007fffe3f40000 - 0x00007fffe3f69000 	C:\WINDOWS\SYSTEM32\USERENV.dll
0x00007fffe3a60000 - 0x00007fffe3a6b000 	C:\WINDOWS\SYSTEM32\CRYPTBASE.dll
0x00007fffe3630000 - 0x00007fffe3669000 	C:\WINDOWS\SYSTEM32\IPHLPAPI.DLL
0x00007fffe7bd0000 - 0x00007fffe7bd8000 	C:\WINDOWS\System32\NSI.dll
0x00007fffdea70000 - 0x00007fffdea86000 	C:\WINDOWS\SYSTEM32\dhcpcsvc6.DLL
0x00007fffde9d0000 - 0x00007fffde9ea000 	C:\WINDOWS\SYSTEM32\dhcpcsvc.DLL
0x0000000050920000 - 0x000000005092d000 	C:\Program Files\Java\jdk1.8.0_161\jre\bin\management.dll

VM Arguments:
jvm_args: -Dorg.gradle.appname=gradlew 
java_command: org.gradle.wrapper.GradleWrapperMain assembleRelease
java_class_path (initial): C:\Users\Peter\AndroidProjects\CognitiveMoodLog\\gradle\wrapper\gradle-wrapper.jar
Launcher Type: SUN_STANDARD

Environment Variables:
CLASSPATH=C:\Users\Peter\AndroidProjects\CognitiveMoodLog\\gradle\wrapper\gradle-wrapper.jar
PATH=C:\ProgramData\Oracle\Java\javapath;C:\WINDOWS\system32;C:\WINDOWS;C:\WINDOWS\System32\Wbem;C:\WINDOWS\System32\WindowsPowerShell\v1.0\;C:\Program Files (x86)\ATI Technologies\ATI.ACE\Core-Static;C:\Program Files\OpenVPN\bin;C:\Program Files (x86)\Windows Live\Shared;C:\Program Files (x86)\AMD\ATI.ACE\Core-Static;C:\Program Files (x86)\Skype\Phone\;C:\Program Files\Crucial\Storage Executive;C:\Program Files (x86)\GtkSharp\2.12\bin;C:\Users\Peter\AppData\Local\Android\sdk\platform-tools;C:\nodejs\;C:\Program Files (x86)\Microsoft Emulator Manager\1.0\;C:\Program Files\Java\jdk1.8.0_161\bin;C:\Program Files\Git\cmd;C:\Program Files (x86)\Microsoft VS Code\bin;C:\Users\Peter\AppData\Local\Microsoft\WindowsApps;C:\Users\Peter\AppData\Local\atom\bin;C:\Users\Peter\AppData\Local\Microsoft\WindowsApps;C:\Users\Peter\AppData\Roaming\npm;C:\Users\Peter\AppData\Local\Google\Cloud SDK\google-cloud-sdk\bin
USERNAME=Peter
OS=Windows_NT
PROCESSOR_IDENTIFIER=AMD64 Family 21 Model 2 Stepping 0, AuthenticAMD



---------------  S Y S T E M  ---------------

OS: Windows 10.0 , 64 bit Build 16299 (10.0.16299.431)

CPU:total 8 (initial active 8) (8 cores per cpu, 1 threads per core) family 21 model 2 stepping 0, cmov, cx8, fxsr, mmx, sse, sse2, sse3, ssse3, sse4.1, sse4.2, popcnt, avx, aes, clmul, mmxext, 3dnowpref, lzcnt, sse4a, tsc, tscinvbit, tscinv, bmi1

Memory: 4k page, physical 8285696k(420640k free), swap 33451520k(3240k free)

vm_info: Java HotSpot(TM) 64-Bit Server VM (25.161-b12) for windows-amd64 JRE (1.8.0_161-b12), built on Dec 19 2017 17:52:25 by "java_re" with MS VC++ 10.0 (VS2010)

time: Mon May 14 20:42:23 2018
elapsed time: 2 seconds (0d 0h 0m 2s)

